d:\common\pracownia\visualstudio\solution_1\p1\x64\release\p1.pch
d:\common\pracownia\visualstudio\solution_1\p1\x64\release\vc141.pdb
d:\common\pracownia\visualstudio\solution_1\p1\x64\release\stdafx.obj
d:\common\pracownia\visualstudio\solution_1\p1\x64\release\platform.obj
d:\common\pracownia\visualstudio\solution_1\p1\x64\release\main.obj
d:\common\pracownia\visualstudio\solution_1\p1\x64\release\ofbx.obj
d:\common\pracownia\visualstudio\solution_1\p1\x64\release\imgui_impl_win32.obj
d:\common\pracownia\visualstudio\solution_1\p1\x64\release\imgui_impl_dx11.obj
d:\common\pracownia\visualstudio\solution_1\p1\x64\release\imgui_draw.obj
d:\common\pracownia\visualstudio\solution_1\p1\x64\release\imgui_demo.obj
d:\common\pracownia\visualstudio\solution_1\p1\x64\release\imgui.obj
d:\common\pracownia\visualstudio\solution_1\p1\x64\release\graphics.obj
d:\common\pracownia\visualstudio\solution_1\p1\x64\release\diagnostics.obj
d:\common\pracownia\visualstudio\solution_1\p1\x64\release\controller.obj
d:\common\pracownia\visualstudio\solution_1\p1\x64\release\miniz.obj
d:\common\pracownia\visualstudio\solution_1\p1\x64\release\math.obj
d:\common\pracownia\visualstudio\solution_1\p1\x64\release\model.obj
d:\common\pracownia\visualstudio\solution_1\p1\x64\release\texture2d.obj
d:\common\pracownia\visualstudio\solution_1\p1\x64\release\material.obj
d:\common\pracownia\visualstudio\blastengine\p1\x64\release\p1.pch
d:\common\pracownia\visualstudio\blastengine\p1\x64\release\vc141.pdb
d:\common\pracownia\visualstudio\blastengine\p1\x64\release\stdafx.obj
d:\common\pracownia\visualstudio\blastengine\p1\x64\release\texture2d.obj
d:\common\pracownia\visualstudio\blastengine\p1\x64\release\platform.obj
d:\common\pracownia\visualstudio\blastengine\p1\x64\release\main.obj
d:\common\pracownia\visualstudio\blastengine\p1\x64\release\ofbx.obj
d:\common\pracownia\visualstudio\blastengine\p1\x64\release\model.obj
d:\common\pracownia\visualstudio\blastengine\p1\x64\release\math.obj
d:\common\pracownia\visualstudio\blastengine\p1\x64\release\material.obj
d:\common\pracownia\visualstudio\blastengine\p1\x64\release\imgui_impl_win32.obj
d:\common\pracownia\visualstudio\blastengine\p1\x64\release\imgui_impl_dx11.obj
d:\common\pracownia\visualstudio\blastengine\p1\x64\release\imgui_draw.obj
d:\common\pracownia\visualstudio\blastengine\p1\x64\release\imgui_demo.obj
d:\common\pracownia\visualstudio\blastengine\p1\x64\release\imgui.obj
d:\common\pracownia\visualstudio\blastengine\p1\x64\release\graphics.obj
d:\common\pracownia\visualstudio\blastengine\p1\x64\release\diagnostics.obj
d:\common\pracownia\visualstudio\blastengine\p1\x64\release\controller.obj
d:\common\pracownia\visualstudio\blastengine\p1\x64\release\miniz.obj
d:\common\pracownia\visualstudio\solution_1\x64\release\p1.exe
d:\common\pracownia\visualstudio\solution_1\x64\release\p1.pdb
d:\common\pracownia\visualstudio\blastengine\x64\release\p1.exe
d:\common\pracownia\visualstudio\blastengine\x64\release\p1.pdb
d:\common\pracownia\visualstudio\solution_1\x64\release\p1.ipdb
d:\common\pracownia\visualstudio\solution_1\x64\release\p1.iobj
d:\common\pracownia\visualstudio\blastengine\x64\release\p1.ipdb
d:\common\pracownia\visualstudio\blastengine\x64\release\p1.iobj
d:\common\pracownia\visualstudio\blastengine\p1\x64\release\p1.tlog\cl.command.1.tlog
d:\common\pracownia\visualstudio\blastengine\p1\x64\release\p1.tlog\cl.read.1.tlog
d:\common\pracownia\visualstudio\blastengine\p1\x64\release\p1.tlog\cl.write.1.tlog
d:\common\pracownia\visualstudio\blastengine\p1\x64\release\p1.tlog\link.command.1.tlog
d:\common\pracownia\visualstudio\blastengine\p1\x64\release\p1.tlog\link.read.1.tlog
d:\common\pracownia\visualstudio\blastengine\p1\x64\release\p1.tlog\link.write.1.tlog
d:\common\pracownia\visualstudio\blastengine\p1\x64\release\p1.tlog\p1.write.1u.tlog
