d:\common\pracownia\visualstudio\solution_1\p1\x64\debug\p1.pch
d:\common\pracownia\visualstudio\solution_1\p1\x64\debug\vc141.pdb
d:\common\pracownia\visualstudio\solution_1\p1\x64\debug\vc141.idb
d:\common\pracownia\visualstudio\solution_1\p1\x64\debug\stdafx.obj
d:\common\pracownia\visualstudio\solution_1\p1\x64\debug\platform.obj
d:\common\pracownia\visualstudio\solution_1\p1\x64\debug\main.obj
d:\common\pracownia\visualstudio\solution_1\p1\x64\debug\ofbx.obj
d:\common\pracownia\visualstudio\solution_1\p1\x64\debug\imgui_impl_win32.obj
d:\common\pracownia\visualstudio\solution_1\p1\x64\debug\imgui_impl_dx11.obj
d:\common\pracownia\visualstudio\solution_1\p1\x64\debug\imgui_draw.obj
d:\common\pracownia\visualstudio\solution_1\p1\x64\debug\imgui_demo.obj
d:\common\pracownia\visualstudio\solution_1\p1\x64\debug\imgui.obj
d:\common\pracownia\visualstudio\solution_1\p1\x64\debug\graphics.obj
d:\common\pracownia\visualstudio\solution_1\p1\x64\debug\diagnostics.obj
d:\common\pracownia\visualstudio\solution_1\p1\x64\debug\controller.obj
d:\common\pracownia\visualstudio\solution_1\p1\x64\debug\miniz.obj
d:\common\pracownia\visualstudio\solution_1\p1\x64\debug\math.obj
d:\common\pracownia\visualstudio\solution_1\p1\x64\debug\model.obj
d:\common\pracownia\visualstudio\solution_1\p1\x64\debug\texture2d.obj
d:\common\pracownia\visualstudio\solution_1\p1\x64\debug\material.obj
d:\common\pracownia\visualstudio\blastengine\p1\x64\debug\p1.pch
d:\common\pracownia\visualstudio\blastengine\p1\x64\debug\vc141.pdb
d:\common\pracownia\visualstudio\blastengine\p1\x64\debug\vc141.idb
d:\common\pracownia\visualstudio\blastengine\p1\x64\debug\stdafx.obj
d:\common\pracownia\visualstudio\blastengine\p1\x64\debug\texture2d.obj
d:\common\pracownia\visualstudio\blastengine\p1\x64\debug\platform.obj
d:\common\pracownia\visualstudio\blastengine\p1\x64\debug\main.obj
d:\common\pracownia\visualstudio\blastengine\p1\x64\debug\ofbx.obj
d:\common\pracownia\visualstudio\blastengine\p1\x64\debug\model.obj
d:\common\pracownia\visualstudio\blastengine\p1\x64\debug\math.obj
d:\common\pracownia\visualstudio\blastengine\p1\x64\debug\material.obj
d:\common\pracownia\visualstudio\blastengine\p1\x64\debug\imgui_impl_win32.obj
d:\common\pracownia\visualstudio\blastengine\p1\x64\debug\imgui_impl_dx11.obj
d:\common\pracownia\visualstudio\blastengine\p1\x64\debug\imgui_draw.obj
d:\common\pracownia\visualstudio\blastengine\p1\x64\debug\imgui_demo.obj
d:\common\pracownia\visualstudio\blastengine\p1\x64\debug\imgui.obj
d:\common\pracownia\visualstudio\blastengine\p1\x64\debug\graphics.obj
d:\common\pracownia\visualstudio\blastengine\p1\x64\debug\diagnostics.obj
d:\common\pracownia\visualstudio\blastengine\p1\x64\debug\controller.obj
d:\common\pracownia\visualstudio\blastengine\p1\x64\debug\miniz.obj
d:\common\pracownia\visualstudio\solution_1\x64\debug\p1.exe
d:\common\pracownia\visualstudio\solution_1\x64\debug\p1.ilk
d:\common\pracownia\visualstudio\solution_1\x64\debug\p1.pdb
d:\common\pracownia\visualstudio\blastengine\x64\debug\p1.exe
d:\common\pracownia\visualstudio\blastengine\x64\debug\p1.ilk
d:\common\pracownia\visualstudio\blastengine\x64\debug\p1.pdb
d:\common\pracownia\visualstudio\blastengine\p1\x64\debug\p1.tlog\cl.command.1.tlog
d:\common\pracownia\visualstudio\blastengine\p1\x64\debug\p1.tlog\cl.read.1.tlog
d:\common\pracownia\visualstudio\blastengine\p1\x64\debug\p1.tlog\cl.write.1.tlog
d:\common\pracownia\visualstudio\blastengine\p1\x64\debug\p1.tlog\link.command.1.tlog
d:\common\pracownia\visualstudio\blastengine\p1\x64\debug\p1.tlog\link.read.1.tlog
d:\common\pracownia\visualstudio\blastengine\p1\x64\debug\p1.tlog\link.write.1.tlog
